<?xml version="1.0" encoding="UTF-8"?>
<testsuite name="com.laioffer.twitch.FavoriteServiceTests" tests="4" skipped="0" failures="0" errors="0" timestamp="2024-09-11T19:40:28" hostname="tangeboerdeMacBook-Pro.local" time="2.317">
  <properties/>
  <testcase name="whenItemNotExist_setFavoriteItem_shouldSaveItem()" classname="com.laioffer.twitch.FavoriteServiceTests" time="2.28"/>
  <testcase name="whenItemNotExist_unsetFavoriteItem_shouldNotDeleteFavoriteRecord()" classname="com.laioffer.twitch.FavoriteServiceTests" time="0.008"/>
  <testcase name="whenItemExist_setFavoriteItem_shouldNotSaveItem()" classname="com.laioffer.twitch.FavoriteServiceTests" time="0.008"/>
  <testcase name="whenItemExist_unsetFavoriteItem_shouldDeleteFavoriteRecord()" classname="com.laioffer.twitch.FavoriteServiceTests" time="0.009"/>
  <system-out><![CDATA[]]></system-out>
  <system-err><![CDATA[]]></system-err>
</testsuite>
